1523911291241	geckodriver	INFO	geckodriver 0.20.1
1523911291251	geckodriver	INFO	Listening on 127.0.0.1:55911
1523911294281	mozrunner::runner	INFO	Running command: "C:\\Program Files (x86)\\Mozilla Firefox\\firefox.exe" "-marionette" "-profile" "C:\\Users\\vikra\\AppData\\Local\\Temp\\rust_mozprofile.nyKJU9IMwV1g"
Unable to read VR Path Registry from C:\Users\vikra\AppData\Local\openvr\openvrpaths.vrpath
1523911294842	Marionette	INFO	Enabled via --marionette
Unable to read VR Path Registry from C:\Users\vikra\AppData\Local\openvr\openvrpaths.vrpath
Unable to read VR Path Registry from C:\Users\vikra\AppData\Local\openvr\openvrpaths.vrpath
Unable to read VR Path Registry from C:\Users\vikra\AppData\Local\openvr\openvrpaths.vrpath
Unable to read VR Path Registry from C:\Users\vikra\AppData\Local\openvr\openvrpaths.vrpath
1523911296442	Marionette	INFO	Listening on port 55919
1523911297392	Marionette	WARN	TLS certificate errors will be ignored for this session
[Child 5520, Chrome_ChildThread] WARNING: pipe error: 109: file z:/build/build/src/ipc/chromium/src/chrome/common/ipc_channel_win.cc, line 346
[Child 5520, Chro[Child 6788, Chrome_ChildThread] WARNING: pipe error: 109: file z:/build/build/src/ipc/chromium/src/chrome/common/ipc_channel_win.cc, line 346
[Child 6788, Chrome_Chi[Parent 1812, Gecko_IOThread] WARNING: pipe error: 109: file z:/build/build/src/ipc/chromium/src/chrome/common/ipc_channel_win.cc, line 346
*** UTM:SVC TimerManager:registerTimer called after profile-before-change notification. Ignoring timer registration for id: telemetry_modules_ping

###!!! [Child][MessageChannel::SendAndWait] Error: Channel error: cannot send/recv

1523911322526	geckodriver	INFO	geckodriver 0.20.1
1523911322540	geckodriver	INFO	Listening on 127.0.0.1:55957
1523911325552	mozrunner::runner	INFO	Running command: "C:\\Program Files (x86)\\Mozilla Firefox\\firefox.exe" "-marionette" "-profile" "C:\\Users\\vikra\\AppData\\Local\\Temp\\rust_mozprofile.g6tAcWg8h9A4"
Unable to read VR Path Registry from C:\Users\vikra\AppData\Local\openvr\openvrpaths.vrpath
1523911326116	Marionette	INFO	Enabled via --marionette
Unable to read VR Path Registry from C:\Users\vikra\AppData\Local\openvr\openvrpaths.vrpath
Unable to read VR Path Registry from C:\Users\vikra\AppData\Local\openvr\openvrpaths.vrpath
Unable to read VR Path Registry from C:\Users\vikra\AppData\Local\openvr\openvrpaths.vrpath
Unable to read VR Path Registry from C:\Users\vikra\AppData\Local\openvr\openvrpaths.vrpath
1523911327706	Marionette	INFO	Listening on port 55965
1523911328670	Marionette	WARN	TLS certificate errors will be ignored for this session
[Child 11096, Chrome_ChildThread] WARNING: pipe error: 109: file z:/build/build/src/ipc/chromium/src/chrome/common/ipc_channel_win.cc, line 346
[Child 11096, Chrome
###!!! [Child][MessageChannel::SendAndWait] Error: Channel error: cannot send/recv

rs\\vikra\\AppData\\Local\\Temp\\rust_mozprofile.IdWFwJLOuSWY"
Unable to read VR Path Registry from C:\Users\vikra\AppData\Local\openvr\openvrpaths.vrpath
1523911461700	Marionette	INFO	Enabled via --marionette
Unable to read VR Path Registry from C:\Users\vikra\AppData\Local\openvr\openvrpaths.vrpath
Unable to read VR Path Registry from C:\Users\vikra\AppData\Local\openvr\openvrpaths.vrpath
Unable to read VR Path Registry from C:\Users\vikra\AppData\Local\openvr\openvrpaths.vrpath
Unable to read VR Path Registry from C:\Users\vikra\AppData\Local\openvr\openvrpaths.vrpath
1523911463260	Marionette	INFO	Listening on port 56058
1523911464158	Marionette	WARN	TLS certificate errors will be ignored for this session
[Parent 9324, Gecko_IOThread] WARNING: pipe error: 109: file z:/build/build/src/ipc/chromium/src/chrome/common/ipc_channel_win.cc, line 346
[Parent 9324, Gecko_IOThread] WARNING: pipe error: 109: file z:/build/build/src/ipc/chromium/src/chrome/common/ipc_channel_win.cc, line 346
[Child 1480, Chrome_ChildThread] WARNING: pipe error: 109: file z:/build/build/src/ipc/chromium/src/chrome/common/ipc_channel_win.cc, line 346
[Child 1480, Chrome_ChildThread] WARNING: pipe error: 109: file z:/build/build/src/ipc/chromium/src/chrome/common/ipc_channel_win.cc, line 346
*** UTM:SVC TimerManager:registerTimer called after profile-before-change notification. Ignoring timer registration for id: telemetry_modules_ping

###!!! [Child][MessageChannel::SendAndWait] Error: Channel error: cannot send/recv

1523911487474	geckodriver	INFO	geckodriver 0.20.1
1523911487483	geckodriver	INFO	Listening on 127.0.0.1:56096
1523911490504	mozrunner::runner	INFO	Running command: "C:\\Program Files (x86)\\Mozilla Firefox\\firefox.exe" "-marionette" "-profile" "C:\\Users\\vikra\\AppData\\Local\\Temp\\rust_mozprofile.IhH7Ps3vMime"
Unable to read VR Path Registry from C:\Users\vikra\AppData\Local\openvr\openvrpaths.vrpath
1523911491154	Marionette	INFO	Enabled via --marionette
Unable to read VR Path Registry from C:\Users\vikra\AppData\Local\openvr\openvrpaths.vrpath
Unable to read VR Path Registry from C:\Users\vikra\AppData\Local\openvr\openvrpaths.vrpath
Unable to read VR Path Registry from C:\Users\vikra\AppData\Local\openvr\openvrpaths.vrpath
Unable to read VR Path Registry from C:\Users\vikra\AppData\Local\openvr\openvrpaths.vrpath
1523911492772	Marionette	INFO	Listening on port 56104
1523911493614	Marionette	WARN	TLS certificate errors will be ignored for this session
[Parent 1232, Gecko_IOThread] WARNING: pipe error: 109: file z:/build/build/src/ipc/chromium/src/chrome/common/ipc_channel_win.cc, line 346
[Child 4736, Chrome_ChildThread] WARNING: pipe error: 109: file z:/build/build/src/ipc/chromium/src/chrome/common/ipc_channel_win.cc, line 346
[Child 4736, Chrome_ChilUnable to read VR Path Registry from C:\Users\vikra\AppData\Local\openvr\openvrpaths.vrpath
[Parent 1232, Gecko_IOThread] WARNING: pipe error: 109: file z:/build/build/src/ipc/chromium/src/chrome/common/ipc_channel_win.cc, line 346
[Parent 1232, Gecko_IOThread] WARNING: pipe error: 109: file z:/build/build/src/ipc/chromium/src/chrome/common/ipc_channel_win.cc, line 346
[Child 12080, Chrome_ChildThread] WARNING: pipe error: 109: file z:/build/build/src/ipc/chromium/src/chrome/common/ipc_channel_win.cc, line 346
[Child 12080, Chrome_ChildThread] [Child 6588, Chrome_ChildThread] WARNING: pipe error: 109: file z:/build/build/src/ipc/chromium/src/chrome/common/ipc_channel_win.cc, line 346
[Child 6588, Chrome_ChildThre[Parent 1232, Gecko_IOThread] WARNING: pipe error: 109: file z:/build/build/src/ipc/chromium/src/chrome/common/ipc_channel_win.cc, line 346
*** UTM:SVC TimerManager:registerTimer called after profile-before-change notification. Ignoring timer registration for id: telemetry_modules_ping

###!!! [Child][MessageChannel::SendAndWait] Error: Channel error: cannot send/recv

1523911516998	geckodriver	INFO	geckodriver 0.20.1
1523911517008	geckodriver	INFO	Listening on 127.0.0.1:56154
1523911520038	mozrunner::runner	INFO	Running command: "C:\\Program Files (x86)\\Mozilla Firefox\\firefox.exe" "-marionette" "-profile" "C:\\Users\\vikra\\AppData\\Local\\Temp\\rust_mozprofile.fpEYmA5amvPa"
Unable to read VR Path Registry from C:\Users\vikra\AppData\Local\openvr\openvrpaths.vrpath
1523911520642	Marionette	INFO	Enabled via --marionette
Unable to read VR Path Registry from C:\Users\vikra\AppData\Local\openvr\openvrpaths.vrpath
Unable to read VR Path Registry from C:\Users\vikra\AppData\Local\openvr\openvrpaths.vrpath
Unable to read VR Path Registry from C:\Users\vikra\AppData\Local\openvr\openvrpaths.vrpath
Unable to read VR Path Registry from C:\Users\vikra\AppData\Local\openvr\openvrpaths.vrpath
1523911522280	Marionette	INFO	Listening on port 56162
1523911523148	Marionette	WARN	TLS certificate errors will be ignored for this session
[Child 8720, Chrome_ChildThread] WARNING: pipe error: 109: file z:/build/build/src/ipc/chromium/src/chrome/common/ipc_channel_win.cc, line 346
[Child 8720, Chr[Child 10584, Chrome_ChildThread] WARNING: pipe error: 109: file z:/build/build/src/ipc/chromium/src/chrome/common/ipc_channel_win.cc, line 346
[Child 10584, Chrome_Ch*** UTM:SVC TimerManager:registerTimer called after profile-before-change notification. Ignoring timer registration for id: telemetry_modules_ping

###!!! [Child][MessageChannel::SendAndWait] Error: Channel error: cannot send/recv

